0 info it worked if it ends with ok
1 verbose cli [ 'C:\\Program Files\\nodejs\\node.exe',
1 verbose cli   'C:\\Program Files\\nodejs\\node_modules\\npm\\bin\\npm-cli.js',
1 verbose cli   'install',
1 verbose cli   'node',
1 verbose cli   'server.js' ]
2 info using npm@3.10.10
3 info using node@v6.9.4
4 silly loadCurrentTree Starting
5 silly install loadCurrentTree
6 silly install readLocalPackageData
7 silly fetchPackageMetaData node
8 silly fetchPackageMetaData server.js
9 silly fetchNamedPackageData node
10 silly mapToRegistry name node
11 silly mapToRegistry using default registry
12 silly mapToRegistry registry https://registry.npmjs.org/
13 silly mapToRegistry data Result {
13 silly mapToRegistry   raw: 'node',
13 silly mapToRegistry   scope: null,
13 silly mapToRegistry   escapedName: 'node',
13 silly mapToRegistry   name: 'node',
13 silly mapToRegistry   rawSpec: '',
13 silly mapToRegistry   spec: 'latest',
13 silly mapToRegistry   type: 'tag' }
14 silly mapToRegistry uri https://registry.npmjs.org/node
15 silly fetchOtherPackageData server.js
16 silly cache add args [ 'server.js', null ]
17 verbose cache add spec server.js
18 verbose request uri https://registry.npmjs.org/node
19 verbose request no auth needed
20 info attempt registry request try #1 at 18:27:50
21 verbose request using bearer token for auth
22 verbose request id 96cf16d405f5358f
23 http request GET https://registry.npmjs.org/node
24 silly cache add parsed spec Result {
24 silly cache add   raw: 'server.js',
24 silly cache add   scope: null,
24 silly cache add   escapedName: 'server.js',
24 silly cache add   name: null,
24 silly cache add   rawSpec: 'server.js',
24 silly cache add   spec: 'C:\\Users\\Bruno\\Downloads\\ADS\\Programacao\\WEB\\GoogleGlass\\server.js',
24 silly cache add   type: 'local' }
25 silly addLocalTarball shasum (computed) 58898f9212933ff7c6a4df970d381c20a9e7d90f
26 verbose addTmpTarball C:\Users\Bruno\Downloads\ADS\Programacao\WEB\GoogleGlass\server.js not in flight; adding
27 verbose correctMkdir C:\Users\Bruno\AppData\Roaming\npm-cache correctMkdir not in flight; initializing
28 verbose addTmpTarball validating metadata from C:\Users\Bruno\Downloads\ADS\Programacao\WEB\GoogleGlass\server.js
29 verbose tar unpack C:\Users\Bruno\Downloads\ADS\Programacao\WEB\GoogleGlass\server.js
30 verbose tar unpacking to C:\Users\Bruno\AppData\Local\Temp\npm-8624-1375fc53\unpack-6eb4ca51
31 silly gentlyRm C:\Users\Bruno\AppData\Local\Temp\npm-8624-1375fc53\unpack-6eb4ca51 is being purged
32 verbose gentlyRm don't care about contents; nuking C:\Users\Bruno\AppData\Local\Temp\npm-8624-1375fc53\unpack-6eb4ca51
33 silly gunzTarPerm modes [ '777', '666' ]
34 error not a package C:\Users\Bruno\Downloads\ADS\Programacao\WEB\GoogleGlass\server.js
35 error addLocal Could not install C:\Users\Bruno\Downloads\ADS\Programacao\WEB\GoogleGlass\server.js
36 silly fetchPackageMetaData Error: ENOENT: no such file or directory, open 'C:\Users\Bruno\AppData\Local\Temp\npm-8624-1375fc53\unpack-6eb4ca51\package.json'
36 silly fetchPackageMetaData     at Error (native)
36 silly fetchPackageMetaData  error for server.js { Error: ENOENT: no such file or directory, open 'C:\Users\Bruno\AppData\Local\Temp\npm-8624-1375fc53\unpack-6eb4ca51\package.json'
36 silly fetchPackageMetaData     at Error (native)
36 silly fetchPackageMetaData   errno: -4058,
36 silly fetchPackageMetaData   code: 'ENOENT',
36 silly fetchPackageMetaData   syscall: 'open',
36 silly fetchPackageMetaData   path: 'C:\\Users\\Bruno\\AppData\\Local\\Temp\\npm-8624-1375fc53\\unpack-6eb4ca51\\package.json' }
37 http 200 https://registry.npmjs.org/node
38 verbose headers { server: 'nginx/1.10.1',
38 verbose headers   'content-type': 'application/json',
38 verbose headers   'last-modified': 'Tue, 13 Oct 2015 00:37:12 GMT',
38 verbose headers   etag: 'W/"561c5238-43d"',
38 verbose headers   'content-encoding': 'gzip',
38 verbose headers   'cache-control': 'max-age=300',
38 verbose headers   'transfer-encoding': 'chunked',
38 verbose headers   'accept-ranges': 'bytes',
38 verbose headers   date: 'Sat, 04 Mar 2017 21:29:11 GMT',
38 verbose headers   via: '1.1 varnish',
38 verbose headers   connection: 'keep-alive',
38 verbose headers   'x-served-by': 'cache-gru7121-GRU',
38 verbose headers   'x-cache': 'MISS',
38 verbose headers   'x-cache-hits': '0',
38 verbose headers   'x-timer': 'S1488662950.984429,VS0,VE180',
38 verbose headers   vary: 'Accept-Encoding' }
39 silly get cb [ 200,
39 silly get   { server: 'nginx/1.10.1',
39 silly get     'content-type': 'application/json',
39 silly get     'last-modified': 'Tue, 13 Oct 2015 00:37:12 GMT',
39 silly get     etag: 'W/"561c5238-43d"',
39 silly get     'content-encoding': 'gzip',
39 silly get     'cache-control': 'max-age=300',
39 silly get     'transfer-encoding': 'chunked',
39 silly get     'accept-ranges': 'bytes',
39 silly get     date: 'Sat, 04 Mar 2017 21:29:11 GMT',
39 silly get     via: '1.1 varnish',
39 silly get     connection: 'keep-alive',
39 silly get     'x-served-by': 'cache-gru7121-GRU',
39 silly get     'x-cache': 'MISS',
39 silly get     'x-cache-hits': '0',
39 silly get     'x-timer': 'S1488662950.984429,VS0,VE180',
39 silly get     vary: 'Accept-Encoding' } ]
40 verbose get saving node to C:\Users\Bruno\AppData\Roaming\npm-cache\registry.npmjs.org\node\.cache.json
41 verbose correctMkdir C:\Users\Bruno\AppData\Roaming\npm-cache correctMkdir not in flight; initializing
42 silly rollbackFailedOptional Starting
43 silly rollbackFailedOptional Finishing
44 silly runTopLevelLifecycles Finishing
45 silly install printInstalled
46 verbose stack Error: ENOENT: no such file or directory, open 'C:\Users\Bruno\AppData\Local\Temp\npm-8624-1375fc53\unpack-6eb4ca51\package.json'
46 verbose stack     at Error (native)
47 verbose cwd C:\Users\Bruno\Downloads\ADS\Programacao\WEB\GoogleGlass
48 error Windows_NT 10.0.14393
49 error argv "C:\\Program Files\\nodejs\\node.exe" "C:\\Program Files\\nodejs\\node_modules\\npm\\bin\\npm-cli.js" "install" "node" "server.js"
50 error node v6.9.4
51 error npm  v3.10.10
52 error path C:\Users\Bruno\AppData\Local\Temp\npm-8624-1375fc53\unpack-6eb4ca51\package.json
53 error code ENOENT
54 error errno -4058
55 error syscall open
56 error enoent ENOENT: no such file or directory, open 'C:\Users\Bruno\AppData\Local\Temp\npm-8624-1375fc53\unpack-6eb4ca51\package.json'
57 error enoent ENOENT: no such file or directory, open 'C:\Users\Bruno\AppData\Local\Temp\npm-8624-1375fc53\unpack-6eb4ca51\package.json'
57 error enoent This is most likely not a problem with npm itself
57 error enoent and is related to npm not being able to find a file.
58 verbose exit [ -4058, true ]
